<?xml version="1.0" encoding="UTF-8"?>
<!-- Generated by org.testng.reporters.JUnitReportReporter -->
<testsuite skipped="0" hostname="LAPTOP-1LL282FT" name="CaseStudy.MiniCaseStudy" tests="8" failures="0" timestamp="2023-03-10T17:21:59 IST" time="70.937" errors="0">
  <testcase name="logIn" time="3.269" classname="CaseStudy.MiniCaseStudy"/>
  <system-out/>
  <testcase name="addItem" time="6.159" classname="CaseStudy.MiniCaseStudy"/>
  <system-out/>
  <testcase name="manyItem" time="11.334" classname="CaseStudy.MiniCaseStudy"/>
  <system-out/>
  <testcase name="manyItem" time="11.522" classname="CaseStudy.MiniCaseStudy"/>
  <system-out/>
  <testcase name="manyItem" time="12.331" classname="CaseStudy.MiniCaseStudy"/>
  <system-out/>
  <testcase name="manyItem" time="11.377" classname="CaseStudy.MiniCaseStudy"/>
  <system-out/>
  <testcase name="deleteItem" time="5.014" classname="CaseStudy.MiniCaseStudy"/>
  <system-out/>
  <testcase name="purchaseproduct" time="9.931" classname="CaseStudy.MiniCaseStudy"/>
  <system-out/>
</testsuite> <!-- CaseStudy.MiniCaseStudy -->
